{"C:\\project\\imanager\\express.js": {"path":"C:\\project\\imanager\\express.js","statementMap":{"0":{"start":{"line":1,"column":14},"end":{"line":1,"column":32}},"1":{"start":{"line":2,"column":19},"end":{"line":2,"column":41}},"2":{"start":{"line":3,"column":13},"end":{"line":3,"column":30}},"3":{"start":{"line":4,"column":9},"end":{"line":4,"column":22}},"4":{"start":{"line":5,"column":11},"end":{"line":5,"column":26}},"5":{"start":{"line":6,"column":19},"end":{"line":6,"column":43}},"6":{"start":{"line":7,"column":11},"end":{"line":7,"column":26}},"7":{"start":{"line":10,"column":21},"end":{"line":10,"column":54}},"8":{"start":{"line":11,"column":17},"end":{"line":11,"column":46}},"9":{"start":{"line":12,"column":19},"end":{"line":12,"column":48}},"10":{"start":{"line":14,"column":10},"end":{"line":14,"column":19}},"11":{"start":{"line":16,"column":22},"end":{"line":16,"column":100}},"12":{"start":{"line":17,"column":0},"end":{"line":17,"column":56}},"13":{"start":{"line":19,"column":0},"end":{"line":19,"column":27}},"14":{"start":{"line":20,"column":0},"end":{"line":22,"column":4}},"15":{"start":{"line":24,"column":0},"end":{"line":34,"column":2}},"16":{"start":{"line":25,"column":4},"end":{"line":25,"column":31}},"17":{"start":{"line":26,"column":4},"end":{"line":26,"column":45}},"18":{"start":{"line":27,"column":4},"end":{"line":27,"column":33}},"19":{"start":{"line":28,"column":4},"end":{"line":28,"column":68}},"20":{"start":{"line":29,"column":4},"end":{"line":29,"column":53}},"21":{"start":{"line":30,"column":4},"end":{"line":30,"column":53}},"22":{"start":{"line":31,"column":4},"end":{"line":31,"column":99}},"23":{"start":{"line":33,"column":4},"end":{"line":33,"column":10}},"24":{"start":{"line":36,"column":0},"end":{"line":36,"column":23}},"25":{"start":{"line":39,"column":0},"end":{"line":39,"column":28}},"26":{"start":{"line":40,"column":0},"end":{"line":40,"column":37}},"27":{"start":{"line":41,"column":0},"end":{"line":41,"column":24}},"28":{"start":{"line":43,"column":11},"end":{"line":43,"column":40}},"29":{"start":{"line":44,"column":0},"end":{"line":44,"column":20}},"30":{"start":{"line":46,"column":0},"end":{"line":46,"column":20}}},"fnMap":{"0":{"name":"(anonymous_0)","decl":{"start":{"line":24,"column":8},"end":{"line":24,"column":9}},"loc":{"start":{"line":24,"column":28},"end":{"line":34,"column":1}},"line":24}},"branchMap":{},"s":{"0":2,"1":2,"2":2,"3":2,"4":2,"5":2,"6":2,"7":2,"8":2,"9":2,"10":2,"11":2,"12":2,"13":2,"14":2,"15":2,"16":6,"17":6,"18":6,"19":6,"20":6,"21":6,"22":6,"23":6,"24":2,"25":2,"26":2,"27":2,"28":2,"29":2,"30":2},"f":{"0":6},"b":{},"_coverageSchema":"1a1c01bbd47fc00a2c39e90264f33305004495a9","hash":"8dd7dca10d2ee166252edf5f7c11b1780799677c"}
,"C:\\project\\imanager\\logger.js": {"path":"C:\\project\\imanager\\logger.js","statementMap":{"0":{"start":{"line":1,"column":16},"end":{"line":1,"column":34}},"1":{"start":{"line":2,"column":31},"end":{"line":2,"column":38}},"2":{"start":{"line":4,"column":14},"end":{"line":4,"column":78}},"3":{"start":{"line":5,"column":0},"end":{"line":5,"column":19}},"4":{"start":{"line":7,"column":0},"end":{"line":12,"column":1}},"5":{"start":{"line":8,"column":2},"end":{"line":11,"column":75}},"6":{"start":{"line":9,"column":3},"end":{"line":9,"column":74}},"7":{"start":{"line":11,"column":2},"end":{"line":11,"column":75}},"8":{"start":{"line":15,"column":0},"end":{"line":26,"column":2}},"9":{"start":{"line":20,"column":28},"end":{"line":20,"column":37}},"10":{"start":{"line":28,"column":0},"end":{"line":28,"column":23}}},"fnMap":{"0":{"name":"(anonymous_0)","decl":{"start":{"line":7,"column":6},"end":{"line":7,"column":7}},"loc":{"start":{"line":7,"column":14},"end":{"line":12,"column":1}},"line":7},"1":{"name":"(anonymous_1)","decl":{"start":{"line":20,"column":20},"end":{"line":20,"column":21}},"loc":{"start":{"line":20,"column":28},"end":{"line":20,"column":37}},"line":20}},"branchMap":{"0":{"loc":{"start":{"line":8,"column":2},"end":{"line":11,"column":75}},"type":"if","locations":[{"start":{"line":8,"column":2},"end":{"line":11,"column":75}},{"start":{"line":8,"column":2},"end":{"line":11,"column":75}}],"line":8}},"s":{"0":2,"1":2,"2":2,"3":2,"4":2,"5":4,"6":0,"7":4,"8":2,"9":4,"10":2},"f":{"0":4,"1":4},"b":{"0":[0,4]},"_coverageSchema":"1a1c01bbd47fc00a2c39e90264f33305004495a9","hash":"f97e22cd5d15ca893f2dfecc130d901dabf3ee33"}
,"C:\\project\\imanager\\src\\controllers\\instance\\instanceController.js": {"path":"C:\\project\\imanager\\src\\controllers\\instance\\instanceController.js","statementMap":{"0":{"start":{"line":1,"column":22},"end":{"line":1,"column":54}},"1":{"start":{"line":2,"column":21},"end":{"line":2,"column":39}},"2":{"start":{"line":3,"column":12},"end":{"line":3,"column":55}},"3":{"start":{"line":5,"column":24},"end":{"line":22,"column":1}},"4":{"start":{"line":6,"column":4},"end":{"line":7,"column":46}},"5":{"start":{"line":7,"column":26},"end":{"line":7,"column":46}},"6":{"start":{"line":8,"column":2},"end":{"line":18,"column":3}},"7":{"start":{"line":9,"column":4},"end":{"line":12,"column":5}},"8":{"start":{"line":10,"column":6},"end":{"line":10,"column":33}},"9":{"start":{"line":11,"column":6},"end":{"line":11,"column":42}},"10":{"start":{"line":13,"column":20},"end":{"line":13,"column":64}},"11":{"start":{"line":17,"column":3},"end":{"line":17,"column":45}},"12":{"start":{"line":19,"column":17},"end":{"line":19,"column":49}},"13":{"start":{"line":20,"column":2},"end":{"line":20,"column":27}},"14":{"start":{"line":21,"column":2},"end":{"line":21,"column":18}},"15":{"start":{"line":25,"column":23},"end":{"line":45,"column":1}},"16":{"start":{"line":27,"column":13},"end":{"line":27,"column":23}},"17":{"start":{"line":28,"column":16},"end":{"line":28,"column":32}},"18":{"start":{"line":29,"column":19},"end":{"line":29,"column":34}},"19":{"start":{"line":30,"column":23},"end":{"line":30,"column":42}},"20":{"start":{"line":32,"column":2},"end":{"line":33,"column":28}},"21":{"start":{"line":33,"column":3},"end":{"line":33,"column":28}},"22":{"start":{"line":34,"column":17},"end":{"line":34,"column":55}},"23":{"start":{"line":35,"column":2},"end":{"line":43,"column":3}},"24":{"start":{"line":36,"column":19},"end":{"line":36,"column":52}},"25":{"start":{"line":37,"column":4},"end":{"line":38,"column":48}},"26":{"start":{"line":38,"column":5},"end":{"line":38,"column":48}},"27":{"start":{"line":39,"column":4},"end":{"line":39,"column":29}},"28":{"start":{"line":42,"column":4},"end":{"line":42,"column":36}},"29":{"start":{"line":47,"column":0},"end":{"line":50,"column":1}}},"fnMap":{"0":{"name":"(anonymous_0)","decl":{"start":{"line":5,"column":24},"end":{"line":5,"column":25}},"loc":{"start":{"line":5,"column":40},"end":{"line":22,"column":1}},"line":5},"1":{"name":"(anonymous_1)","decl":{"start":{"line":25,"column":23},"end":{"line":25,"column":24}},"loc":{"start":{"line":25,"column":40},"end":{"line":45,"column":1}},"line":25}},"branchMap":{"0":{"loc":{"start":{"line":6,"column":4},"end":{"line":7,"column":46}},"type":"if","locations":[{"start":{"line":6,"column":4},"end":{"line":7,"column":46}},{"start":{"line":6,"column":4},"end":{"line":7,"column":46}}],"line":6},"1":{"loc":{"start":{"line":9,"column":4},"end":{"line":12,"column":5}},"type":"if","locations":[{"start":{"line":9,"column":4},"end":{"line":12,"column":5}},{"start":{"line":9,"column":4},"end":{"line":12,"column":5}}],"line":9},"2":{"loc":{"start":{"line":28,"column":16},"end":{"line":28,"column":32}},"type":"binary-expr","locations":[{"start":{"line":28,"column":16},"end":{"line":28,"column":26}},{"start":{"line":28,"column":30},"end":{"line":28,"column":32}}],"line":28},"3":{"loc":{"start":{"line":32,"column":2},"end":{"line":33,"column":28}},"type":"if","locations":[{"start":{"line":32,"column":2},"end":{"line":33,"column":28}},{"start":{"line":32,"column":2},"end":{"line":33,"column":28}}],"line":32},"4":{"loc":{"start":{"line":32,"column":5},"end":{"line":32,"column":42}},"type":"binary-expr","locations":[{"start":{"line":32,"column":5},"end":{"line":32,"column":10}},{"start":{"line":32,"column":14},"end":{"line":32,"column":24}},{"start":{"line":32,"column":28},"end":{"line":32,"column":42}}],"line":32},"5":{"loc":{"start":{"line":37,"column":4},"end":{"line":38,"column":48}},"type":"if","locations":[{"start":{"line":37,"column":4},"end":{"line":38,"column":48}},{"start":{"line":37,"column":4},"end":{"line":38,"column":48}}],"line":37}},"s":{"0":2,"1":2,"2":2,"3":2,"4":3,"5":2,"6":3,"7":3,"8":2,"9":2,"10":3,"11":0,"12":3,"13":3,"14":3,"15":2,"16":3,"17":3,"18":3,"19":3,"20":3,"21":1,"22":2,"23":2,"24":2,"25":1,"26":0,"27":1,"28":1,"29":2},"f":{"0":3,"1":3},"b":{"0":[2,1],"1":[2,1],"2":[3,0],"3":[1,2],"4":[3,2,2],"5":[0,1]},"_coverageSchema":"1a1c01bbd47fc00a2c39e90264f33305004495a9","hash":"a565c9325f476033a12f100eb55afb3b360ba9c3"}
,"C:\\project\\imanager\\src\\db\\dbconnect.js": {"path":"C:\\project\\imanager\\src\\db\\dbconnect.js","statementMap":{"0":{"start":{"line":1,"column":17},"end":{"line":1,"column":36}},"1":{"start":{"line":2,"column":13},"end":{"line":2,"column":36}},"2":{"start":{"line":5,"column":0},"end":{"line":7,"column":3}},"3":{"start":{"line":6,"column":2},"end":{"line":6,"column":65}},"4":{"start":{"line":8,"column":0},"end":{"line":10,"column":3}},"5":{"start":{"line":9,"column":2},"end":{"line":9,"column":53}},"6":{"start":{"line":13,"column":0},"end":{"line":18,"column":1}},"7":{"start":{"line":15,"column":2},"end":{"line":17,"column":4}},"8":{"start":{"line":16,"column":4},"end":{"line":16,"column":60}},"9":{"start":{"line":19,"column":0},"end":{"line":21,"column":1}}},"fnMap":{"0":{"name":"(anonymous_0)","decl":{"start":{"line":5,"column":31},"end":{"line":5,"column":32}},"loc":{"start":{"line":5,"column":36},"end":{"line":7,"column":1}},"line":5},"1":{"name":"(anonymous_1)","decl":{"start":{"line":8,"column":36},"end":{"line":8,"column":37}},"loc":{"start":{"line":8,"column":40},"end":{"line":10,"column":1}},"line":8},"2":{"name":"(anonymous_2)","decl":{"start":{"line":13,"column":17},"end":{"line":13,"column":18}},"loc":{"start":{"line":14,"column":0},"end":{"line":18,"column":1}},"line":14},"3":{"name":"(anonymous_3)","decl":{"start":{"line":15,"column":108},"end":{"line":15,"column":109}},"loc":{"start":{"line":15,"column":115},"end":{"line":17,"column":3}},"line":15}},"branchMap":{},"s":{"0":2,"1":2,"2":2,"3":0,"4":2,"5":2,"6":2,"7":2,"8":0,"9":2},"f":{"0":0,"1":2,"2":2,"3":0},"b":{},"_coverageSchema":"1a1c01bbd47fc00a2c39e90264f33305004495a9","hash":"0d77ff9d927551339a86436000b63db225c90b99"}
,"C:\\project\\imanager\\src\\helperFunctions\\instanceHF.js": {"path":"C:\\project\\imanager\\src\\helperFunctions\\instanceHF.js","statementMap":{"0":{"start":{"line":1,"column":0},"end":{"line":1,"column":30}},"1":{"start":{"line":2,"column":0},"end":{"line":2,"column":30}},"2":{"start":{"line":3,"column":0},"end":{"line":3,"column":45}},"3":{"start":{"line":4,"column":13},"end":{"line":4,"column":30}},"4":{"start":{"line":5,"column":0},"end":{"line":5,"column":30}},"5":{"start":{"line":9,"column":15},"end":{"line":31,"column":1}},"6":{"start":{"line":10,"column":0},"end":{"line":10,"column":42}},"7":{"start":{"line":11,"column":13},"end":{"line":16,"column":1}},"8":{"start":{"line":17,"column":10},"end":{"line":17,"column":24}},"9":{"start":{"line":18,"column":0},"end":{"line":29,"column":1}},"10":{"start":{"line":19,"column":2},"end":{"line":19,"column":27}},"11":{"start":{"line":20,"column":15},"end":{"line":20,"column":41}},"12":{"start":{"line":21,"column":2},"end":{"line":24,"column":4}},"13":{"start":{"line":23,"column":5},"end":{"line":23,"column":35}},"14":{"start":{"line":25,"column":2},"end":{"line":25,"column":15}},"15":{"start":{"line":26,"column":2},"end":{"line":26,"column":15}},"16":{"start":{"line":28,"column":2},"end":{"line":28,"column":11}},"17":{"start":{"line":32,"column":0},"end":{"line":44,"column":1}},"18":{"start":{"line":33,"column":2},"end":{"line":43,"column":2}},"19":{"start":{"line":34,"column":4},"end":{"line":34,"column":99}},"20":{"start":{"line":35,"column":4},"end":{"line":35,"column":34}},"21":{"start":{"line":38,"column":15},"end":{"line":38,"column":40}},"22":{"start":{"line":39,"column":3},"end":{"line":39,"column":46}},"23":{"start":{"line":40,"column":14},"end":{"line":40,"column":39}},"24":{"start":{"line":41,"column":3},"end":{"line":41,"column":43}},"25":{"start":{"line":42,"column":3},"end":{"line":42,"column":91}},"26":{"start":{"line":45,"column":0},"end":{"line":74,"column":1}},"27":{"start":{"line":46,"column":14},"end":{"line":46,"column":76}},"28":{"start":{"line":46,"column":54},"end":{"line":46,"column":75}},"29":{"start":{"line":47,"column":2},"end":{"line":73,"column":3}},"30":{"start":{"line":48,"column":3},"end":{"line":48,"column":54}},"31":{"start":{"line":50,"column":12},"end":{"line":50,"column":139}},"32":{"start":{"line":51,"column":13},"end":{"line":51,"column":227}},"33":{"start":{"line":52,"column":4},"end":{"line":71,"column":23}},"34":{"start":{"line":53,"column":21},"end":{"line":53,"column":47}},"35":{"start":{"line":54,"column":8},"end":{"line":58,"column":9}},"36":{"start":{"line":56,"column":26},"end":{"line":56,"column":53}},"37":{"start":{"line":57,"column":12},"end":{"line":57,"column":59}},"38":{"start":{"line":59,"column":8},"end":{"line":70,"column":8}},"39":{"start":{"line":60,"column":9},"end":{"line":60,"column":39}},"40":{"start":{"line":62,"column":13},"end":{"line":70,"column":8}},"41":{"start":{"line":63,"column":9},"end":{"line":63,"column":74}},"42":{"start":{"line":64,"column":9},"end":{"line":64,"column":52}},"43":{"start":{"line":65,"column":9},"end":{"line":65,"column":24}},"44":{"start":{"line":68,"column":10},"end":{"line":68,"column":132}},"45":{"start":{"line":69,"column":10},"end":{"line":69,"column":55}},"46":{"start":{"line":71,"column":15},"end":{"line":71,"column":22}},"47":{"start":{"line":76,"column":0},"end":{"line":95,"column":1}},"48":{"start":{"line":78,"column":5},"end":{"line":94,"column":2}},"49":{"start":{"line":79,"column":6},"end":{"line":79,"column":80}},"50":{"start":{"line":80,"column":10},"end":{"line":94,"column":2}},"51":{"start":{"line":82,"column":7},"end":{"line":82,"column":29}},"52":{"start":{"line":83,"column":7},"end":{"line":83,"column":67}},"53":{"start":{"line":84,"column":7},"end":{"line":84,"column":31}},"54":{"start":{"line":85,"column":7},"end":{"line":90,"column":10}},"55":{"start":{"line":86,"column":9},"end":{"line":86,"column":25}},"56":{"start":{"line":87,"column":9},"end":{"line":87,"column":27}},"57":{"start":{"line":87,"column":21},"end":{"line":87,"column":27}},"58":{"start":{"line":88,"column":9},"end":{"line":89,"column":69}},"59":{"start":{"line":88,"column":53},"end":{"line":88,"column":67}},"60":{"start":{"line":89,"column":13},"end":{"line":89,"column":69}},"61":{"start":{"line":93,"column":3},"end":{"line":93,"column":95}},"62":{"start":{"line":97,"column":0},"end":{"line":116,"column":1}},"63":{"start":{"line":98,"column":4},"end":{"line":113,"column":5}},"64":{"start":{"line":99,"column":5},"end":{"line":99,"column":74}},"65":{"start":{"line":100,"column":5},"end":{"line":100,"column":36}},"66":{"start":{"line":103,"column":6},"end":{"line":103,"column":30}},"67":{"start":{"line":104,"column":19},"end":{"line":104,"column":36}},"68":{"start":{"line":105,"column":6},"end":{"line":105,"column":54}},"69":{"start":{"line":107,"column":6},"end":{"line":111,"column":7}},"70":{"start":{"line":109,"column":8},"end":{"line":109,"column":98}},"71":{"start":{"line":110,"column":8},"end":{"line":110,"column":102}},"72":{"start":{"line":112,"column":6},"end":{"line":112,"column":97}},"73":{"start":{"line":118,"column":0},"end":{"line":135,"column":1}},"74":{"start":{"line":120,"column":2},"end":{"line":133,"column":3}},"75":{"start":{"line":121,"column":3},"end":{"line":121,"column":77}},"76":{"start":{"line":122,"column":4},"end":{"line":122,"column":37}},"77":{"start":{"line":124,"column":7},"end":{"line":133,"column":3}},"78":{"start":{"line":126,"column":4},"end":{"line":126,"column":32}},"79":{"start":{"line":127,"column":4},"end":{"line":127,"column":70}},"80":{"start":{"line":128,"column":4},"end":{"line":128,"column":35}},"81":{"start":{"line":131,"column":4},"end":{"line":131,"column":88}},"82":{"start":{"line":132,"column":5},"end":{"line":132,"column":52}},"83":{"start":{"line":136,"column":0},"end":{"line":145,"column":1}},"84":{"start":{"line":137,"column":2},"end":{"line":144,"column":3}},"85":{"start":{"line":138,"column":3},"end":{"line":138,"column":73}},"86":{"start":{"line":139,"column":3},"end":{"line":139,"column":33}},"87":{"start":{"line":142,"column":4},"end":{"line":142,"column":26}},"88":{"start":{"line":143,"column":4},"end":{"line":143,"column":48}},"89":{"start":{"line":146,"column":0},"end":{"line":162,"column":1}},"90":{"start":{"line":148,"column":2},"end":{"line":161,"column":3}},"91":{"start":{"line":149,"column":5},"end":{"line":149,"column":66}},"92":{"start":{"line":150,"column":5},"end":{"line":150,"column":35}},"93":{"start":{"line":152,"column":7},"end":{"line":161,"column":3}},"94":{"start":{"line":154,"column":4},"end":{"line":154,"column":26}},"95":{"start":{"line":155,"column":4},"end":{"line":155,"column":64}},"96":{"start":{"line":156,"column":4},"end":{"line":156,"column":36}},"97":{"start":{"line":159,"column":4},"end":{"line":159,"column":82}},"98":{"start":{"line":160,"column":4},"end":{"line":160,"column":48}},"99":{"start":{"line":164,"column":0},"end":{"line":196,"column":1}},"100":{"start":{"line":166,"column":0},"end":{"line":166,"column":92}},"101":{"start":{"line":167,"column":0},"end":{"line":167,"column":75}},"102":{"start":{"line":168,"column":0},"end":{"line":168,"column":95}},"103":{"start":{"line":169,"column":0},"end":{"line":169,"column":187}},"104":{"start":{"line":170,"column":0},"end":{"line":170,"column":173}},"105":{"start":{"line":171,"column":0},"end":{"line":171,"column":23}},"106":{"start":{"line":173,"column":9},"end":{"line":173,"column":163}},"107":{"start":{"line":174,"column":11},"end":{"line":174,"column":13}},"108":{"start":{"line":175,"column":2},"end":{"line":194,"column":18}},"109":{"start":{"line":176,"column":5},"end":{"line":179,"column":6}},"110":{"start":{"line":178,"column":7},"end":{"line":178,"column":44}},"111":{"start":{"line":180,"column":6},"end":{"line":180,"column":35}},"112":{"start":{"line":182,"column":6},"end":{"line":182,"column":51}},"113":{"start":{"line":183,"column":6},"end":{"line":190,"column":26}},"114":{"start":{"line":191,"column":8},"end":{"line":191,"column":24}},"115":{"start":{"line":192,"column":8},"end":{"line":192,"column":48}},"116":{"start":{"line":194,"column":10},"end":{"line":194,"column":17}},"117":{"start":{"line":199,"column":21},"end":{"line":220,"column":1}},"118":{"start":{"line":201,"column":9},"end":{"line":201,"column":116}},"119":{"start":{"line":203,"column":1},"end":{"line":218,"column":20}},"120":{"start":{"line":204,"column":18},"end":{"line":204,"column":44}},"121":{"start":{"line":205,"column":5},"end":{"line":217,"column":5}},"122":{"start":{"line":206,"column":6},"end":{"line":206,"column":36}},"123":{"start":{"line":208,"column":10},"end":{"line":217,"column":5}},"124":{"start":{"line":209,"column":6},"end":{"line":209,"column":46}},"125":{"start":{"line":210,"column":6},"end":{"line":210,"column":26}},"126":{"start":{"line":211,"column":6},"end":{"line":211,"column":21}},"127":{"start":{"line":214,"column":7},"end":{"line":214,"column":121}},"128":{"start":{"line":215,"column":7},"end":{"line":215,"column":29}},"129":{"start":{"line":216,"column":7},"end":{"line":216,"column":22}},"130":{"start":{"line":218,"column":12},"end":{"line":218,"column":19}},"131":{"start":{"line":227,"column":0},"end":{"line":243,"column":1}},"132":{"start":{"line":228,"column":9},"end":{"line":228,"column":62}},"133":{"start":{"line":230,"column":1},"end":{"line":241,"column":21}},"134":{"start":{"line":232,"column":18},"end":{"line":232,"column":38}},"135":{"start":{"line":233,"column":5},"end":{"line":239,"column":4}},"136":{"start":{"line":235,"column":7},"end":{"line":235,"column":37}},"137":{"start":{"line":238,"column":7},"end":{"line":238,"column":51}},"138":{"start":{"line":241,"column":12},"end":{"line":241,"column":19}},"139":{"start":{"line":246,"column":0},"end":{"line":253,"column":2}}},"fnMap":{"0":{"name":"(anonymous_0)","decl":{"start":{"line":9,"column":15},"end":{"line":9,"column":16}},"loc":{"start":{"line":9,"column":37},"end":{"line":31,"column":1}},"line":9},"1":{"name":"(anonymous_1)","decl":{"start":{"line":32,"column":20},"end":{"line":32,"column":21}},"loc":{"start":{"line":32,"column":52},"end":{"line":44,"column":1}},"line":32},"2":{"name":"(anonymous_2)","decl":{"start":{"line":45,"column":22},"end":{"line":45,"column":23}},"loc":{"start":{"line":45,"column":60},"end":{"line":74,"column":1}},"line":45},"3":{"name":"(anonymous_3)","decl":{"start":{"line":46,"column":49},"end":{"line":46,"column":50}},"loc":{"start":{"line":46,"column":54},"end":{"line":46,"column":75}},"line":46},"4":{"name":"(anonymous_4)","decl":{"start":{"line":76,"column":25},"end":{"line":76,"column":26}},"loc":{"start":{"line":77,"column":0},"end":{"line":95,"column":1}},"line":77},"5":{"name":"(anonymous_5)","decl":{"start":{"line":85,"column":22},"end":{"line":85,"column":23}},"loc":{"start":{"line":85,"column":35},"end":{"line":90,"column":8}},"line":85},"6":{"name":"(anonymous_6)","decl":{"start":{"line":88,"column":48},"end":{"line":88,"column":49}},"loc":{"start":{"line":88,"column":53},"end":{"line":88,"column":67}},"line":88},"7":{"name":"(anonymous_7)","decl":{"start":{"line":97,"column":20},"end":{"line":97,"column":21}},"loc":{"start":{"line":97,"column":52},"end":{"line":116,"column":1}},"line":97},"8":{"name":"(anonymous_8)","decl":{"start":{"line":118,"column":28},"end":{"line":118,"column":29}},"loc":{"start":{"line":119,"column":0},"end":{"line":135,"column":1}},"line":119},"9":{"name":"(anonymous_9)","decl":{"start":{"line":136,"column":21},"end":{"line":136,"column":22}},"loc":{"start":{"line":136,"column":47},"end":{"line":145,"column":1}},"line":136},"10":{"name":"(anonymous_10)","decl":{"start":{"line":146,"column":19},"end":{"line":146,"column":20}},"loc":{"start":{"line":146,"column":48},"end":{"line":162,"column":1}},"line":146},"11":{"name":"(anonymous_11)","decl":{"start":{"line":164,"column":19},"end":{"line":164,"column":20}},"loc":{"start":{"line":164,"column":43},"end":{"line":196,"column":1}},"line":164},"12":{"name":"(anonymous_12)","decl":{"start":{"line":199,"column":21},"end":{"line":199,"column":22}},"loc":{"start":{"line":199,"column":49},"end":{"line":220,"column":1}},"line":199},"13":{"name":"(anonymous_13)","decl":{"start":{"line":227,"column":9},"end":{"line":227,"column":10}},"loc":{"start":{"line":227,"column":37},"end":{"line":243,"column":1}},"line":227}},"branchMap":{"0":{"loc":{"start":{"line":21,"column":2},"end":{"line":24,"column":4}},"type":"if","locations":[{"start":{"line":21,"column":2},"end":{"line":24,"column":4}},{"start":{"line":21,"column":2},"end":{"line":24,"column":4}}],"line":21},"1":{"loc":{"start":{"line":33,"column":2},"end":{"line":43,"column":2}},"type":"if","locations":[{"start":{"line":33,"column":2},"end":{"line":43,"column":2}},{"start":{"line":33,"column":2},"end":{"line":43,"column":2}}],"line":33},"2":{"loc":{"start":{"line":42,"column":61},"end":{"line":42,"column":80}},"type":"cond-expr","locations":[{"start":{"line":42,"column":70},"end":{"line":42,"column":74}},{"start":{"line":42,"column":75},"end":{"line":42,"column":80}}],"line":42},"3":{"loc":{"start":{"line":47,"column":2},"end":{"line":73,"column":3}},"type":"if","locations":[{"start":{"line":47,"column":2},"end":{"line":73,"column":3}},{"start":{"line":47,"column":2},"end":{"line":73,"column":3}}],"line":47},"4":{"loc":{"start":{"line":54,"column":8},"end":{"line":58,"column":9}},"type":"if","locations":[{"start":{"line":54,"column":8},"end":{"line":58,"column":9}},{"start":{"line":54,"column":8},"end":{"line":58,"column":9}}],"line":54},"5":{"loc":{"start":{"line":54,"column":11},"end":{"line":54,"column":81}},"type":"binary-expr","locations":[{"start":{"line":54,"column":11},"end":{"line":54,"column":29}},{"start":{"line":54,"column":35},"end":{"line":54,"column":40}},{"start":{"line":54,"column":44},"end":{"line":54,"column":80}}],"line":54},"6":{"loc":{"start":{"line":59,"column":8},"end":{"line":70,"column":8}},"type":"if","locations":[{"start":{"line":59,"column":8},"end":{"line":70,"column":8}},{"start":{"line":59,"column":8},"end":{"line":70,"column":8}}],"line":59},"7":{"loc":{"start":{"line":62,"column":13},"end":{"line":70,"column":8}},"type":"if","locations":[{"start":{"line":62,"column":13},"end":{"line":70,"column":8}},{"start":{"line":62,"column":13},"end":{"line":70,"column":8}}],"line":62},"8":{"loc":{"start":{"line":78,"column":5},"end":{"line":94,"column":2}},"type":"if","locations":[{"start":{"line":78,"column":5},"end":{"line":94,"column":2}},{"start":{"line":78,"column":5},"end":{"line":94,"column":2}}],"line":78},"9":{"loc":{"start":{"line":80,"column":10},"end":{"line":94,"column":2}},"type":"if","locations":[{"start":{"line":80,"column":10},"end":{"line":94,"column":2}},{"start":{"line":80,"column":10},"end":{"line":94,"column":2}}],"line":80},"10":{"loc":{"start":{"line":87,"column":9},"end":{"line":87,"column":27}},"type":"if","locations":[{"start":{"line":87,"column":9},"end":{"line":87,"column":27}},{"start":{"line":87,"column":9},"end":{"line":87,"column":27}}],"line":87},"11":{"loc":{"start":{"line":88,"column":9},"end":{"line":89,"column":69}},"type":"if","locations":[{"start":{"line":88,"column":9},"end":{"line":89,"column":69}},{"start":{"line":88,"column":9},"end":{"line":89,"column":69}}],"line":88},"12":{"loc":{"start":{"line":98,"column":4},"end":{"line":113,"column":5}},"type":"if","locations":[{"start":{"line":98,"column":4},"end":{"line":113,"column":5}},{"start":{"line":98,"column":4},"end":{"line":113,"column":5}}],"line":98},"13":{"loc":{"start":{"line":107,"column":6},"end":{"line":111,"column":7}},"type":"if","locations":[{"start":{"line":107,"column":6},"end":{"line":111,"column":7}},{"start":{"line":107,"column":6},"end":{"line":111,"column":7}}],"line":107},"14":{"loc":{"start":{"line":120,"column":2},"end":{"line":133,"column":3}},"type":"if","locations":[{"start":{"line":120,"column":2},"end":{"line":133,"column":3}},{"start":{"line":120,"column":2},"end":{"line":133,"column":3}}],"line":120},"15":{"loc":{"start":{"line":124,"column":7},"end":{"line":133,"column":3}},"type":"if","locations":[{"start":{"line":124,"column":7},"end":{"line":133,"column":3}},{"start":{"line":124,"column":7},"end":{"line":133,"column":3}}],"line":124},"16":{"loc":{"start":{"line":137,"column":2},"end":{"line":144,"column":3}},"type":"if","locations":[{"start":{"line":137,"column":2},"end":{"line":144,"column":3}},{"start":{"line":137,"column":2},"end":{"line":144,"column":3}}],"line":137},"17":{"loc":{"start":{"line":148,"column":2},"end":{"line":161,"column":3}},"type":"if","locations":[{"start":{"line":148,"column":2},"end":{"line":161,"column":3}},{"start":{"line":148,"column":2},"end":{"line":161,"column":3}}],"line":148},"18":{"loc":{"start":{"line":152,"column":7},"end":{"line":161,"column":3}},"type":"if","locations":[{"start":{"line":152,"column":7},"end":{"line":161,"column":3}},{"start":{"line":152,"column":7},"end":{"line":161,"column":3}}],"line":152},"19":{"loc":{"start":{"line":205,"column":5},"end":{"line":217,"column":5}},"type":"if","locations":[{"start":{"line":205,"column":5},"end":{"line":217,"column":5}},{"start":{"line":205,"column":5},"end":{"line":217,"column":5}}],"line":205},"20":{"loc":{"start":{"line":208,"column":10},"end":{"line":217,"column":5}},"type":"if","locations":[{"start":{"line":208,"column":10},"end":{"line":217,"column":5}},{"start":{"line":208,"column":10},"end":{"line":217,"column":5}}],"line":208},"21":{"loc":{"start":{"line":233,"column":5},"end":{"line":239,"column":4}},"type":"if","locations":[{"start":{"line":233,"column":5},"end":{"line":239,"column":4}},{"start":{"line":233,"column":5},"end":{"line":239,"column":4}}],"line":233}},"s":{"0":2,"1":2,"2":2,"3":2,"4":2,"5":2,"6":2,"7":2,"8":2,"9":2,"10":2,"11":1,"12":1,"13":0,"14":1,"15":1,"16":1,"17":2,"18":0,"19":0,"20":0,"21":0,"22":0,"23":0,"24":0,"25":0,"26":2,"27":0,"28":0,"29":0,"30":0,"31":0,"32":0,"33":0,"34":0,"35":0,"36":0,"37":0,"38":0,"39":0,"40":0,"41":0,"42":0,"43":0,"44":0,"45":0,"46":0,"47":2,"48":0,"49":0,"50":0,"51":0,"52":0,"53":0,"54":0,"55":0,"56":0,"57":0,"58":0,"59":0,"60":0,"61":0,"62":2,"63":0,"64":0,"65":0,"66":0,"67":0,"68":0,"69":0,"70":0,"71":0,"72":0,"73":2,"74":0,"75":0,"76":0,"77":0,"78":0,"79":0,"80":0,"81":0,"82":0,"83":2,"84":0,"85":0,"86":0,"87":0,"88":0,"89":2,"90":0,"91":0,"92":0,"93":0,"94":0,"95":0,"96":0,"97":0,"98":0,"99":2,"100":0,"101":0,"102":0,"103":0,"104":0,"105":0,"106":0,"107":0,"108":0,"109":0,"110":0,"111":0,"112":0,"113":0,"114":0,"115":0,"116":0,"117":2,"118":0,"119":0,"120":0,"121":0,"122":0,"123":0,"124":0,"125":0,"126":0,"127":0,"128":0,"129":0,"130":0,"131":2,"132":0,"133":0,"134":0,"135":0,"136":0,"137":0,"138":0,"139":2},"f":{"0":2,"1":0,"2":0,"3":0,"4":0,"5":0,"6":0,"7":0,"8":0,"9":0,"10":0,"11":0,"12":0,"13":0},"b":{"0":[0,1],"1":[0,0],"2":[0,0],"3":[0,0],"4":[0,0],"5":[0,0,0],"6":[0,0],"7":[0,0],"8":[0,0],"9":[0,0],"10":[0,0],"11":[0,0],"12":[0,0],"13":[0,0],"14":[0,0],"15":[0,0],"16":[0,0],"17":[0,0],"18":[0,0],"19":[0,0],"20":[0,0],"21":[0,0]},"_coverageSchema":"1a1c01bbd47fc00a2c39e90264f33305004495a9","hash":"eb331051846fc0dcb5b25f1b1f001e654d61dfbd"}
,"C:\\project\\imanager\\src\\middleware\\auth.js": {"path":"C:\\project\\imanager\\src\\middleware\\auth.js","statementMap":{"0":{"start":{"line":1,"column":12},"end":{"line":1,"column":35}},"1":{"start":{"line":2,"column":15},"end":{"line":2,"column":38}},"2":{"start":{"line":6,"column":0},"end":{"line":20,"column":2}},"3":{"start":{"line":8,"column":16},"end":{"line":8,"column":101}},"4":{"start":{"line":10,"column":2},"end":{"line":10,"column":105}},"5":{"start":{"line":10,"column":14},"end":{"line":10,"column":105}},"6":{"start":{"line":12,"column":2},"end":{"line":19,"column":3}},"7":{"start":{"line":13,"column":20},"end":{"line":13,"column":49}},"8":{"start":{"line":14,"column":4},"end":{"line":14,"column":23}},"9":{"start":{"line":15,"column":4},"end":{"line":15,"column":11}},"10":{"start":{"line":17,"column":4},"end":{"line":17,"column":50}},"11":{"start":{"line":18,"column":4},"end":{"line":18,"column":69}}},"fnMap":{"0":{"name":"(anonymous_0)","decl":{"start":{"line":6,"column":17},"end":{"line":6,"column":18}},"loc":{"start":{"line":6,"column":42},"end":{"line":20,"column":1}},"line":6}},"branchMap":{"0":{"loc":{"start":{"line":8,"column":16},"end":{"line":8,"column":101}},"type":"binary-expr","locations":[{"start":{"line":8,"column":16},"end":{"line":8,"column":45}},{"start":{"line":8,"column":49},"end":{"line":8,"column":77}},{"start":{"line":8,"column":81},"end":{"line":8,"column":101}}],"line":8},"1":{"loc":{"start":{"line":10,"column":2},"end":{"line":10,"column":105}},"type":"if","locations":[{"start":{"line":10,"column":2},"end":{"line":10,"column":105}},{"start":{"line":10,"column":2},"end":{"line":10,"column":105}}],"line":10}},"s":{"0":2,"1":2,"2":2,"3":0,"4":0,"5":0,"6":0,"7":0,"8":0,"9":0,"10":0,"11":0},"f":{"0":0},"b":{"0":[0,0,0],"1":[0,0]},"_coverageSchema":"1a1c01bbd47fc00a2c39e90264f33305004495a9","hash":"8d66c6818d4577beba2e1d0151205e9f49e1f3c1"}
,"C:\\project\\imanager\\src\\models\\instance.js": {"path":"C:\\project\\imanager\\src\\models\\instance.js","statementMap":{"0":{"start":{"line":1,"column":17},"end":{"line":1,"column":36}},"1":{"start":{"line":2,"column":14},"end":{"line":2,"column":29}},"2":{"start":{"line":3,"column":13},"end":{"line":3,"column":39}},"3":{"start":{"line":5,"column":19},"end":{"line":74,"column":2}},"4":{"start":{"line":76,"column":0},"end":{"line":86,"column":1}},"5":{"start":{"line":77,"column":2},"end":{"line":77,"column":22}},"6":{"start":{"line":78,"column":2},"end":{"line":85,"column":3}},"7":{"start":{"line":79,"column":17},"end":{"line":79,"column":52}},"8":{"start":{"line":80,"column":2},"end":{"line":80,"column":63}},"9":{"start":{"line":80,"column":15},"end":{"line":80,"column":63}},"10":{"start":{"line":81,"column":2},"end":{"line":81,"column":17}},"11":{"start":{"line":83,"column":2},"end":{"line":83,"column":23}},"12":{"start":{"line":84,"column":2},"end":{"line":84,"column":9}},"13":{"start":{"line":88,"column":15},"end":{"line":88,"column":57}},"14":{"start":{"line":90,"column":0},"end":{"line":90,"column":25}}},"fnMap":{"0":{"name":"(anonymous_0)","decl":{"start":{"line":76,"column":36},"end":{"line":76,"column":37}},"loc":{"start":{"line":76,"column":55},"end":{"line":86,"column":1}},"line":76}},"branchMap":{"0":{"loc":{"start":{"line":80,"column":2},"end":{"line":80,"column":63}},"type":"if","locations":[{"start":{"line":80,"column":2},"end":{"line":80,"column":63}},{"start":{"line":80,"column":2},"end":{"line":80,"column":63}}],"line":80}},"s":{"0":2,"1":2,"2":2,"3":2,"4":2,"5":0,"6":0,"7":0,"8":0,"9":0,"10":0,"11":0,"12":0,"13":2,"14":2},"f":{"0":0},"b":{"0":[0,0]},"_coverageSchema":"1a1c01bbd47fc00a2c39e90264f33305004495a9","hash":"e8fb2606e33e416be70aa37cd9d88c82d8c3a6f6"}
,"C:\\project\\imanager\\src\\models\\teams.js": {"path":"C:\\project\\imanager\\src\\models\\teams.js","statementMap":{"0":{"start":{"line":1,"column":18},"end":{"line":1,"column":37}},"1":{"start":{"line":2,"column":15},"end":{"line":2,"column":30}},"2":{"start":{"line":4,"column":18},"end":{"line":23,"column":1}},"3":{"start":{"line":25,"column":0},"end":{"line":47,"column":1}},"4":{"start":{"line":27,"column":4},"end":{"line":44,"column":5}},"5":{"start":{"line":28,"column":22},"end":{"line":28,"column":26}},"6":{"start":{"line":29,"column":17},"end":{"line":29,"column":52}},"7":{"start":{"line":30,"column":6},"end":{"line":31,"column":56}},"8":{"start":{"line":31,"column":7},"end":{"line":31,"column":56}},"9":{"start":{"line":32,"column":6},"end":{"line":32,"column":60}},"10":{"start":{"line":33,"column":18},"end":{"line":33,"column":63}},"11":{"start":{"line":33,"column":43},"end":{"line":33,"column":48}},"12":{"start":{"line":34,"column":4},"end":{"line":40,"column":5}},"13":{"start":{"line":35,"column":8},"end":{"line":35,"column":38}},"14":{"start":{"line":36,"column":8},"end":{"line":36,"column":26}},"15":{"start":{"line":39,"column":8},"end":{"line":39,"column":70}},"16":{"start":{"line":42,"column":8},"end":{"line":42,"column":29}},"17":{"start":{"line":43,"column":8},"end":{"line":43,"column":15}},"18":{"start":{"line":49,"column":13},"end":{"line":49,"column":48}},"19":{"start":{"line":50,"column":0},"end":{"line":50,"column":22}}},"fnMap":{"0":{"name":"(anonymous_0)","decl":{"start":{"line":25,"column":43},"end":{"line":25,"column":44}},"loc":{"start":{"line":25,"column":71},"end":{"line":47,"column":1}},"line":25},"1":{"name":"(anonymous_1)","decl":{"start":{"line":33,"column":38},"end":{"line":33,"column":39}},"loc":{"start":{"line":33,"column":43},"end":{"line":33,"column":48}},"line":33}},"branchMap":{"0":{"loc":{"start":{"line":30,"column":6},"end":{"line":31,"column":56}},"type":"if","locations":[{"start":{"line":30,"column":6},"end":{"line":31,"column":56}},{"start":{"line":30,"column":6},"end":{"line":31,"column":56}}],"line":30},"1":{"loc":{"start":{"line":34,"column":4},"end":{"line":40,"column":5}},"type":"if","locations":[{"start":{"line":34,"column":4},"end":{"line":40,"column":5}},{"start":{"line":34,"column":4},"end":{"line":40,"column":5}}],"line":34}},"s":{"0":2,"1":2,"2":2,"3":2,"4":0,"5":0,"6":0,"7":0,"8":0,"9":0,"10":0,"11":0,"12":0,"13":0,"14":0,"15":0,"16":0,"17":0,"18":2,"19":2},"f":{"0":0,"1":0},"b":{"0":[0,0],"1":[0,0]},"_coverageSchema":"1a1c01bbd47fc00a2c39e90264f33305004495a9","hash":"688840aedc05dc8467a4f88258fcfd7570a3eb28"}
,"C:\\project\\imanager\\src\\models\\users.js": {"path":"C:\\project\\imanager\\src\\models\\users.js","statementMap":{"0":{"start":{"line":1,"column":17},"end":{"line":1,"column":36}},"1":{"start":{"line":2,"column":12},"end":{"line":2,"column":35}},"2":{"start":{"line":3,"column":12},"end":{"line":3,"column":26}},"3":{"start":{"line":4,"column":0},"end":{"line":4,"column":43}},"4":{"start":{"line":6,"column":19},"end":{"line":38,"column":4}},"5":{"start":{"line":40,"column":2},"end":{"line":43,"column":3}},"6":{"start":{"line":41,"column":18},"end":{"line":41,"column":79}},"7":{"start":{"line":42,"column":4},"end":{"line":42,"column":17}},"8":{"start":{"line":46,"column":2},"end":{"line":64,"column":1}},"9":{"start":{"line":48,"column":4},"end":{"line":61,"column":5}},"10":{"start":{"line":49,"column":4},"end":{"line":49,"column":58}},"11":{"start":{"line":50,"column":18},"end":{"line":50,"column":63}},"12":{"start":{"line":50,"column":43},"end":{"line":50,"column":48}},"13":{"start":{"line":51,"column":4},"end":{"line":57,"column":5}},"14":{"start":{"line":52,"column":8},"end":{"line":52,"column":38}},"15":{"start":{"line":53,"column":8},"end":{"line":53,"column":26}},"16":{"start":{"line":56,"column":8},"end":{"line":56,"column":66}},"17":{"start":{"line":59,"column":8},"end":{"line":59,"column":29}},"18":{"start":{"line":60,"column":8},"end":{"line":60,"column":15}},"19":{"start":{"line":66,"column":2},"end":{"line":66,"column":48}},"20":{"start":{"line":69,"column":19},"end":{"line":74,"column":5}},"21":{"start":{"line":76,"column":4},"end":{"line":76,"column":38}},"22":{"start":{"line":80,"column":0},"end":{"line":83,"column":1}}},"fnMap":{"0":{"name":"(anonymous_0)","decl":{"start":{"line":40,"column":41},"end":{"line":40,"column":42}},"loc":{"start":{"line":40,"column":52},"end":{"line":43,"column":3}},"line":40},"1":{"name":"(anonymous_1)","decl":{"start":{"line":46,"column":44},"end":{"line":46,"column":45}},"loc":{"start":{"line":46,"column":63},"end":{"line":64,"column":1}},"line":46},"2":{"name":"(anonymous_2)","decl":{"start":{"line":50,"column":38},"end":{"line":50,"column":39}},"loc":{"start":{"line":50,"column":43},"end":{"line":50,"column":48}},"line":50},"3":{"name":"validateUser","decl":{"start":{"line":68,"column":11},"end":{"line":68,"column":23}},"loc":{"start":{"line":68,"column":30},"end":{"line":77,"column":3}},"line":68}},"branchMap":{"0":{"loc":{"start":{"line":51,"column":4},"end":{"line":57,"column":5}},"type":"if","locations":[{"start":{"line":51,"column":4},"end":{"line":57,"column":5}},{"start":{"line":51,"column":4},"end":{"line":57,"column":5}}],"line":51}},"s":{"0":2,"1":2,"2":2,"3":2,"4":2,"5":2,"6":0,"7":0,"8":2,"9":0,"10":0,"11":0,"12":0,"13":0,"14":0,"15":0,"16":0,"17":0,"18":0,"19":2,"20":0,"21":0,"22":2},"f":{"0":0,"1":0,"2":0,"3":0},"b":{"0":[0,0]},"_coverageSchema":"1a1c01bbd47fc00a2c39e90264f33305004495a9","hash":"39fbc767a816225d1b757291202e9e978da59353"}
,"C:\\project\\imanager\\src\\routers\\instance.js": {"path":"C:\\project\\imanager\\src\\routers\\instance.js","statementMap":{"0":{"start":{"line":1,"column":10},"end":{"line":1,"column":28}},"1":{"start":{"line":2,"column":22},"end":{"line":2,"column":51}},"2":{"start":{"line":3,"column":13},"end":{"line":3,"column":36}},"3":{"start":{"line":4,"column":12},"end":{"line":4,"column":52}},"4":{"start":{"line":5,"column":0},"end":{"line":5,"column":30}},"5":{"start":{"line":6,"column":19},"end":{"line":6,"column":45}},"6":{"start":{"line":7,"column":20},"end":{"line":7,"column":46}},"7":{"start":{"line":8,"column":13},"end":{"line":8,"column":42}},"8":{"start":{"line":10,"column":19},"end":{"line":10,"column":72}},"9":{"start":{"line":12,"column":22},"end":{"line":12,"column":43}},"10":{"start":{"line":13,"column":10},"end":{"line":13,"column":28}},"11":{"start":{"line":16,"column":13},"end":{"line":16,"column":25}},"12":{"start":{"line":21,"column":0},"end":{"line":21,"column":37}},"13":{"start":{"line":22,"column":0},"end":{"line":40,"column":2}},"14":{"start":{"line":23,"column":2},"end":{"line":39,"column":3}},"15":{"start":{"line":24,"column":21},"end":{"line":24,"column":63}},"16":{"start":{"line":25,"column":4},"end":{"line":29,"column":5}},"17":{"start":{"line":26,"column":5},"end":{"line":26,"column":45}},"18":{"start":{"line":28,"column":6},"end":{"line":28,"column":26}},"19":{"start":{"line":31,"column":4},"end":{"line":38,"column":4}},"20":{"start":{"line":32,"column":5},"end":{"line":32,"column":45}},"21":{"start":{"line":33,"column":8},"end":{"line":38,"column":4}},"22":{"start":{"line":34,"column":4},"end":{"line":34,"column":43}},"23":{"start":{"line":37,"column":5},"end":{"line":37,"column":44}},"24":{"start":{"line":41,"column":0},"end":{"line":63,"column":2}},"25":{"start":{"line":42,"column":12},"end":{"line":42,"column":24}},"26":{"start":{"line":43,"column":2},"end":{"line":48,"column":3}},"27":{"start":{"line":44,"column":19},"end":{"line":44,"column":54}},"28":{"start":{"line":46,"column":4},"end":{"line":46,"column":25}},"29":{"start":{"line":47,"column":4},"end":{"line":47,"column":67}},"30":{"start":{"line":49,"column":10},"end":{"line":49,"column":64}},"31":{"start":{"line":50,"column":2},"end":{"line":62,"column":3}},"32":{"start":{"line":51,"column":17},"end":{"line":51,"column":47}},"33":{"start":{"line":52,"column":4},"end":{"line":58,"column":5}},"34":{"start":{"line":54,"column":6},"end":{"line":54,"column":36}},"35":{"start":{"line":57,"column":6},"end":{"line":57,"column":71}},"36":{"start":{"line":60,"column":4},"end":{"line":60,"column":25}},"37":{"start":{"line":61,"column":4},"end":{"line":61,"column":60}},"38":{"start":{"line":65,"column":0},"end":{"line":83,"column":2}},"39":{"start":{"line":67,"column":12},"end":{"line":67,"column":25}},"40":{"start":{"line":68,"column":2},"end":{"line":73,"column":3}},"41":{"start":{"line":69,"column":19},"end":{"line":69,"column":54}},"42":{"start":{"line":71,"column":4},"end":{"line":71,"column":25}},"43":{"start":{"line":72,"column":4},"end":{"line":72,"column":67}},"44":{"start":{"line":75,"column":1},"end":{"line":81,"column":2}},"45":{"start":{"line":76,"column":3},"end":{"line":76,"column":31}},"46":{"start":{"line":77,"column":3},"end":{"line":77,"column":62}},"47":{"start":{"line":79,"column":3},"end":{"line":79,"column":24}},"48":{"start":{"line":80,"column":3},"end":{"line":80,"column":59}},"49":{"start":{"line":86,"column":0},"end":{"line":104,"column":2}},"50":{"start":{"line":87,"column":12},"end":{"line":87,"column":25}},"51":{"start":{"line":88,"column":2},"end":{"line":93,"column":3}},"52":{"start":{"line":89,"column":19},"end":{"line":89,"column":54}},"53":{"start":{"line":91,"column":4},"end":{"line":91,"column":25}},"54":{"start":{"line":92,"column":4},"end":{"line":92,"column":67}},"55":{"start":{"line":94,"column":1},"end":{"line":101,"column":2}},"56":{"start":{"line":95,"column":18},"end":{"line":95,"column":54}},"57":{"start":{"line":96,"column":3},"end":{"line":96,"column":33}},"58":{"start":{"line":97,"column":3},"end":{"line":97,"column":24}},"59":{"start":{"line":99,"column":3},"end":{"line":99,"column":24}},"60":{"start":{"line":100,"column":3},"end":{"line":100,"column":59}},"61":{"start":{"line":106,"column":0},"end":{"line":134,"column":2}},"62":{"start":{"line":107,"column":12},"end":{"line":107,"column":24}},"63":{"start":{"line":108,"column":13},"end":{"line":108,"column":51}},"64":{"start":{"line":109,"column":2},"end":{"line":109,"column":52}},"65":{"start":{"line":110,"column":19},"end":{"line":110,"column":37}},"66":{"start":{"line":112,"column":2},"end":{"line":113,"column":58}},"67":{"start":{"line":113,"column":3},"end":{"line":113,"column":58}},"68":{"start":{"line":114,"column":2},"end":{"line":132,"column":3}},"69":{"start":{"line":115,"column":19},"end":{"line":115,"column":53}},"70":{"start":{"line":116,"column":4},"end":{"line":117,"column":42}},"71":{"start":{"line":117,"column":4},"end":{"line":117,"column":42}},"72":{"start":{"line":119,"column":4},"end":{"line":119,"column":49}},"73":{"start":{"line":120,"column":4},"end":{"line":120,"column":65}},"74":{"start":{"line":122,"column":19},"end":{"line":122,"column":62}},"75":{"start":{"line":124,"column":4},"end":{"line":124,"column":89}},"76":{"start":{"line":125,"column":4},"end":{"line":125,"column":58}},"77":{"start":{"line":129,"column":4},"end":{"line":129,"column":24}},"78":{"start":{"line":130,"column":4},"end":{"line":130,"column":18}},"79":{"start":{"line":131,"column":4},"end":{"line":131,"column":70}},"80":{"start":{"line":135,"column":0},"end":{"line":148,"column":2}},"81":{"start":{"line":136,"column":2},"end":{"line":147,"column":3}},"82":{"start":{"line":137,"column":14},"end":{"line":137,"column":27}},"83":{"start":{"line":138,"column":4},"end":{"line":138,"column":24}},"84":{"start":{"line":139,"column":19},"end":{"line":139,"column":73}},"85":{"start":{"line":140,"column":4},"end":{"line":143,"column":56}},"86":{"start":{"line":141,"column":6},"end":{"line":141,"column":37}},"87":{"start":{"line":143,"column":6},"end":{"line":143,"column":56}},"88":{"start":{"line":145,"column":4},"end":{"line":145,"column":25}},"89":{"start":{"line":146,"column":4},"end":{"line":146,"column":60}},"90":{"start":{"line":149,"column":0},"end":{"line":157,"column":2}},"91":{"start":{"line":150,"column":2},"end":{"line":156,"column":3}},"92":{"start":{"line":151,"column":21},"end":{"line":151,"column":64}},"93":{"start":{"line":152,"column":4},"end":{"line":152,"column":22}},"94":{"start":{"line":154,"column":4},"end":{"line":154,"column":26}},"95":{"start":{"line":155,"column":4},"end":{"line":155,"column":62}},"96":{"start":{"line":161,"column":0},"end":{"line":180,"column":2}},"97":{"start":{"line":162,"column":12},"end":{"line":162,"column":25}},"98":{"start":{"line":163,"column":2},"end":{"line":168,"column":3}},"99":{"start":{"line":164,"column":19},"end":{"line":164,"column":54}},"100":{"start":{"line":166,"column":4},"end":{"line":166,"column":25}},"101":{"start":{"line":167,"column":4},"end":{"line":167,"column":67}},"102":{"start":{"line":170,"column":2},"end":{"line":178,"column":3}},"103":{"start":{"line":171,"column":19},"end":{"line":171,"column":51}},"104":{"start":{"line":172,"column":4},"end":{"line":172,"column":41}},"105":{"start":{"line":173,"column":4},"end":{"line":173,"column":25}},"106":{"start":{"line":176,"column":4},"end":{"line":176,"column":25}},"107":{"start":{"line":177,"column":4},"end":{"line":177,"column":87}},"108":{"start":{"line":183,"column":0},"end":{"line":214,"column":2}},"109":{"start":{"line":185,"column":12},"end":{"line":185,"column":25}},"110":{"start":{"line":186,"column":16},"end":{"line":186,"column":34}},"111":{"start":{"line":187,"column":10},"end":{"line":187,"column":30}},"112":{"start":{"line":188,"column":2},"end":{"line":188,"column":21}},"113":{"start":{"line":189,"column":2},"end":{"line":194,"column":3}},"114":{"start":{"line":190,"column":19},"end":{"line":190,"column":54}},"115":{"start":{"line":192,"column":4},"end":{"line":192,"column":25}},"116":{"start":{"line":193,"column":4},"end":{"line":193,"column":67}},"117":{"start":{"line":195,"column":2},"end":{"line":195,"column":103}},"118":{"start":{"line":197,"column":0},"end":{"line":204,"column":2}},"119":{"start":{"line":198,"column":9},"end":{"line":198,"column":64}},"120":{"start":{"line":199,"column":5},"end":{"line":204,"column":2}},"121":{"start":{"line":200,"column":9},"end":{"line":200,"column":60}},"122":{"start":{"line":203,"column":3},"end":{"line":203,"column":52}},"123":{"start":{"line":205,"column":1},"end":{"line":213,"column":2}},"124":{"start":{"line":206,"column":16},"end":{"line":206,"column":46}},"125":{"start":{"line":207,"column":3},"end":{"line":207,"column":27}},"126":{"start":{"line":208,"column":3},"end":{"line":208,"column":27}},"127":{"start":{"line":209,"column":3},"end":{"line":209,"column":12}},"128":{"start":{"line":211,"column":3},"end":{"line":211,"column":24}},"129":{"start":{"line":212,"column":3},"end":{"line":212,"column":58}},"130":{"start":{"line":218,"column":0},"end":{"line":259,"column":2}},"131":{"start":{"line":220,"column":19},"end":{"line":220,"column":46}},"132":{"start":{"line":221,"column":3},"end":{"line":222,"column":76}},"133":{"start":{"line":222,"column":4},"end":{"line":222,"column":76}},"134":{"start":{"line":225,"column":2},"end":{"line":255,"column":2}},"135":{"start":{"line":226,"column":4},"end":{"line":226,"column":76}},"136":{"start":{"line":227,"column":20},"end":{"line":227,"column":68}},"137":{"start":{"line":228,"column":4},"end":{"line":228,"column":49}},"138":{"start":{"line":229,"column":26},"end":{"line":229,"column":93}},"139":{"start":{"line":230,"column":4},"end":{"line":249,"column":5}},"140":{"start":{"line":232,"column":6},"end":{"line":232,"column":44}},"141":{"start":{"line":233,"column":6},"end":{"line":233,"column":81}},"142":{"start":{"line":235,"column":6},"end":{"line":235,"column":54}},"143":{"start":{"line":237,"column":17},"end":{"line":237,"column":55}},"144":{"start":{"line":238,"column":6},"end":{"line":238,"column":56}},"145":{"start":{"line":239,"column":6},"end":{"line":239,"column":39}},"146":{"start":{"line":241,"column":17},"end":{"line":241,"column":57}},"147":{"start":{"line":242,"column":6},"end":{"line":242,"column":39}},"148":{"start":{"line":244,"column":6},"end":{"line":244,"column":24}},"149":{"start":{"line":245,"column":6},"end":{"line":245,"column":24}},"150":{"start":{"line":246,"column":6},"end":{"line":246,"column":38}},"151":{"start":{"line":248,"column":6},"end":{"line":248,"column":43}},"152":{"start":{"line":253,"column":3},"end":{"line":253,"column":24}},"153":{"start":{"line":254,"column":3},"end":{"line":254,"column":65}},"154":{"start":{"line":257,"column":1},"end":{"line":257,"column":58}},"155":{"start":{"line":261,"column":0},"end":{"line":283,"column":2}},"156":{"start":{"line":262,"column":12},"end":{"line":262,"column":24}},"157":{"start":{"line":263,"column":12},"end":{"line":263,"column":23}},"158":{"start":{"line":264,"column":2},"end":{"line":269,"column":3}},"159":{"start":{"line":265,"column":19},"end":{"line":265,"column":54}},"160":{"start":{"line":267,"column":4},"end":{"line":267,"column":25}},"161":{"start":{"line":268,"column":4},"end":{"line":268,"column":67}},"162":{"start":{"line":270,"column":2},"end":{"line":278,"column":3}},"163":{"start":{"line":271,"column":17},"end":{"line":271,"column":47}},"164":{"start":{"line":272,"column":4},"end":{"line":272,"column":28}},"165":{"start":{"line":273,"column":4},"end":{"line":273,"column":28}},"166":{"start":{"line":274,"column":4},"end":{"line":274,"column":13}},"167":{"start":{"line":276,"column":4},"end":{"line":276,"column":26}},"168":{"start":{"line":277,"column":4},"end":{"line":277,"column":13}},"169":{"start":{"line":287,"column":0},"end":{"line":287,"column":24}}},"fnMap":{"0":{"name":"(anonymous_0)","decl":{"start":{"line":22,"column":29},"end":{"line":22,"column":30}},"loc":{"start":{"line":22,"column":47},"end":{"line":40,"column":1}},"line":22},"1":{"name":"(anonymous_1)","decl":{"start":{"line":41,"column":23},"end":{"line":41,"column":24}},"loc":{"start":{"line":41,"column":41},"end":{"line":63,"column":1}},"line":41},"2":{"name":"(anonymous_2)","decl":{"start":{"line":65,"column":26},"end":{"line":65,"column":27}},"loc":{"start":{"line":65,"column":44},"end":{"line":83,"column":1}},"line":65},"3":{"name":"(anonymous_3)","decl":{"start":{"line":86,"column":32},"end":{"line":86,"column":33}},"loc":{"start":{"line":86,"column":50},"end":{"line":104,"column":1}},"line":86},"4":{"name":"(anonymous_4)","decl":{"start":{"line":106,"column":23},"end":{"line":106,"column":24}},"loc":{"start":{"line":106,"column":42},"end":{"line":134,"column":1}},"line":106},"5":{"name":"(anonymous_5)","decl":{"start":{"line":135,"column":17},"end":{"line":135,"column":18}},"loc":{"start":{"line":135,"column":36},"end":{"line":148,"column":1}},"line":135},"6":{"name":"(anonymous_6)","decl":{"start":{"line":149,"column":17},"end":{"line":149,"column":18}},"loc":{"start":{"line":149,"column":36},"end":{"line":157,"column":1}},"line":149},"7":{"name":"(anonymous_7)","decl":{"start":{"line":161,"column":23},"end":{"line":161,"column":24}},"loc":{"start":{"line":161,"column":42},"end":{"line":180,"column":1}},"line":161},"8":{"name":"(anonymous_8)","decl":{"start":{"line":183,"column":42},"end":{"line":183,"column":43}},"loc":{"start":{"line":183,"column":61},"end":{"line":214,"column":1}},"line":183},"9":{"name":"(anonymous_9)","decl":{"start":{"line":218,"column":22},"end":{"line":218,"column":23}},"loc":{"start":{"line":218,"column":41},"end":{"line":259,"column":1}},"line":218},"10":{"name":"(anonymous_10)","decl":{"start":{"line":261,"column":23},"end":{"line":261,"column":24}},"loc":{"start":{"line":261,"column":43},"end":{"line":283,"column":1}},"line":261}},"branchMap":{"0":{"loc":{"start":{"line":25,"column":4},"end":{"line":29,"column":5}},"type":"if","locations":[{"start":{"line":25,"column":4},"end":{"line":29,"column":5}},{"start":{"line":25,"column":4},"end":{"line":29,"column":5}}],"line":25},"1":{"loc":{"start":{"line":31,"column":4},"end":{"line":38,"column":4}},"type":"if","locations":[{"start":{"line":31,"column":4},"end":{"line":38,"column":4}},{"start":{"line":31,"column":4},"end":{"line":38,"column":4}}],"line":31},"2":{"loc":{"start":{"line":33,"column":8},"end":{"line":38,"column":4}},"type":"if","locations":[{"start":{"line":33,"column":8},"end":{"line":38,"column":4}},{"start":{"line":33,"column":8},"end":{"line":38,"column":4}}],"line":33},"3":{"loc":{"start":{"line":52,"column":4},"end":{"line":58,"column":5}},"type":"if","locations":[{"start":{"line":52,"column":4},"end":{"line":58,"column":5}},{"start":{"line":52,"column":4},"end":{"line":58,"column":5}}],"line":52},"4":{"loc":{"start":{"line":112,"column":2},"end":{"line":113,"column":58}},"type":"if","locations":[{"start":{"line":112,"column":2},"end":{"line":113,"column":58}},{"start":{"line":112,"column":2},"end":{"line":113,"column":58}}],"line":112},"5":{"loc":{"start":{"line":116,"column":4},"end":{"line":117,"column":42}},"type":"if","locations":[{"start":{"line":116,"column":4},"end":{"line":117,"column":42}},{"start":{"line":116,"column":4},"end":{"line":117,"column":42}}],"line":116},"6":{"loc":{"start":{"line":140,"column":4},"end":{"line":143,"column":56}},"type":"if","locations":[{"start":{"line":140,"column":4},"end":{"line":143,"column":56}},{"start":{"line":140,"column":4},"end":{"line":143,"column":56}}],"line":140},"7":{"loc":{"start":{"line":187,"column":10},"end":{"line":187,"column":30}},"type":"binary-expr","locations":[{"start":{"line":187,"column":10},"end":{"line":187,"column":24}},{"start":{"line":187,"column":28},"end":{"line":187,"column":30}}],"line":187},"8":{"loc":{"start":{"line":188,"column":6},"end":{"line":188,"column":21}},"type":"cond-expr","locations":[{"start":{"line":188,"column":14},"end":{"line":188,"column":17}},{"start":{"line":188,"column":18},"end":{"line":188,"column":21}}],"line":188},"9":{"loc":{"start":{"line":197,"column":0},"end":{"line":204,"column":2}},"type":"if","locations":[{"start":{"line":197,"column":0},"end":{"line":204,"column":2}},{"start":{"line":197,"column":0},"end":{"line":204,"column":2}}],"line":197},"10":{"loc":{"start":{"line":199,"column":5},"end":{"line":204,"column":2}},"type":"if","locations":[{"start":{"line":199,"column":5},"end":{"line":204,"column":2}},{"start":{"line":199,"column":5},"end":{"line":204,"column":2}}],"line":199},"11":{"loc":{"start":{"line":221,"column":3},"end":{"line":222,"column":76}},"type":"if","locations":[{"start":{"line":221,"column":3},"end":{"line":222,"column":76}},{"start":{"line":221,"column":3},"end":{"line":222,"column":76}}],"line":221},"12":{"loc":{"start":{"line":230,"column":4},"end":{"line":249,"column":5}},"type":"if","locations":[{"start":{"line":230,"column":4},"end":{"line":249,"column":5}},{"start":{"line":230,"column":4},"end":{"line":249,"column":5}}],"line":230}},"s":{"0":2,"1":2,"2":2,"3":2,"4":2,"5":2,"6":2,"7":2,"8":2,"9":2,"10":2,"11":2,"12":2,"13":2,"14":3,"15":3,"16":2,"17":1,"18":1,"19":2,"20":0,"21":2,"22":1,"23":1,"24":2,"25":0,"26":0,"27":0,"28":0,"29":0,"30":0,"31":0,"32":0,"33":0,"34":0,"35":0,"36":0,"37":0,"38":2,"39":0,"40":0,"41":0,"42":0,"43":0,"44":0,"45":0,"46":0,"47":0,"48":0,"49":2,"50":0,"51":0,"52":0,"53":0,"54":0,"55":0,"56":0,"57":0,"58":0,"59":0,"60":0,"61":2,"62":0,"63":0,"64":0,"65":0,"66":0,"67":0,"68":0,"69":0,"70":0,"71":0,"72":0,"73":0,"74":0,"75":0,"76":0,"77":0,"78":0,"79":0,"80":2,"81":0,"82":0,"83":0,"84":0,"85":0,"86":0,"87":0,"88":0,"89":0,"90":2,"91":3,"92":3,"93":3,"94":0,"95":0,"96":2,"97":0,"98":0,"99":0,"100":0,"101":0,"102":0,"103":0,"104":0,"105":0,"106":0,"107":0,"108":2,"109":0,"110":0,"111":0,"112":0,"113":0,"114":0,"115":0,"116":0,"117":0,"118":0,"119":0,"120":0,"121":0,"122":0,"123":0,"124":0,"125":0,"126":0,"127":0,"128":0,"129":0,"130":2,"131":0,"132":0,"133":0,"134":0,"135":0,"136":0,"137":0,"138":0,"139":0,"140":0,"141":0,"142":0,"143":0,"144":0,"145":0,"146":0,"147":0,"148":0,"149":0,"150":0,"151":0,"152":0,"153":0,"154":0,"155":2,"156":0,"157":0,"158":0,"159":0,"160":0,"161":0,"162":0,"163":0,"164":0,"165":0,"166":0,"167":0,"168":0,"169":2},"f":{"0":3,"1":0,"2":0,"3":0,"4":0,"5":0,"6":3,"7":0,"8":0,"9":0,"10":0},"b":{"0":[1,1],"1":[0,2],"2":[1,1],"3":[0,0],"4":[0,0],"5":[0,0],"6":[0,0],"7":[0,0],"8":[0,0],"9":[0,0],"10":[0,0],"11":[0,0],"12":[0,0]},"_coverageSchema":"1a1c01bbd47fc00a2c39e90264f33305004495a9","hash":"2492fe38cf55376da490dfd4c2d2c29ad6889d4b"}
,"C:\\project\\imanager\\src\\routers\\main.js": {"path":"C:\\project\\imanager\\src\\routers\\main.js","statementMap":{"0":{"start":{"line":1,"column":13},"end":{"line":1,"column":40}},"1":{"start":{"line":2,"column":15},"end":{"line":2,"column":38}},"2":{"start":{"line":3,"column":18},"end":{"line":3,"column":44}},"3":{"start":{"line":5,"column":0},"end":{"line":7,"column":2}},"4":{"start":{"line":6,"column":2},"end":{"line":6,"column":37}},"5":{"start":{"line":9,"column":0},"end":{"line":20,"column":2}},"6":{"start":{"line":10,"column":2},"end":{"line":10,"column":32}},"7":{"start":{"line":11,"column":2},"end":{"line":18,"column":3}},"8":{"start":{"line":12,"column":15},"end":{"line":12,"column":50}},"9":{"start":{"line":13,"column":4},"end":{"line":13,"column":59}},"10":{"start":{"line":14,"column":4},"end":{"line":14,"column":31}},"11":{"start":{"line":16,"column":4},"end":{"line":16,"column":25}},"12":{"start":{"line":17,"column":4},"end":{"line":17,"column":85}},"13":{"start":{"line":22,"column":0},"end":{"line":35,"column":2}},"14":{"start":{"line":23,"column":2},"end":{"line":33,"column":3}},"15":{"start":{"line":24,"column":19},"end":{"line":24,"column":36}},"16":{"start":{"line":26,"column":4},"end":{"line":26,"column":38}},"17":{"start":{"line":28,"column":4},"end":{"line":28,"column":73}},"18":{"start":{"line":31,"column":4},"end":{"line":31,"column":27}},"19":{"start":{"line":32,"column":4},"end":{"line":32,"column":82}},"20":{"start":{"line":38,"column":0},"end":{"line":38,"column":22}}},"fnMap":{"0":{"name":"(anonymous_0)","decl":{"start":{"line":5,"column":15},"end":{"line":5,"column":16}},"loc":{"start":{"line":5,"column":28},"end":{"line":7,"column":1}},"line":5},"1":{"name":"(anonymous_1)","decl":{"start":{"line":9,"column":37},"end":{"line":9,"column":38}},"loc":{"start":{"line":9,"column":55},"end":{"line":20,"column":1}},"line":9},"2":{"name":"(anonymous_2)","decl":{"start":{"line":22,"column":28},"end":{"line":22,"column":29}},"loc":{"start":{"line":22,"column":47},"end":{"line":35,"column":1}},"line":22}},"branchMap":{},"s":{"0":2,"1":2,"2":2,"3":2,"4":0,"5":2,"6":0,"7":0,"8":0,"9":0,"10":0,"11":0,"12":0,"13":2,"14":0,"15":0,"16":0,"17":0,"18":0,"19":0,"20":2},"f":{"0":0,"1":0,"2":0},"b":{},"_coverageSchema":"1a1c01bbd47fc00a2c39e90264f33305004495a9","hash":"50baab43962eec1e99acd4f8d3acf771fd6efa80"}
,"C:\\project\\imanager\\src\\routers\\services.js": {"path":"C:\\project\\imanager\\src\\routers\\services.js","statementMap":{"0":{"start":{"line":1,"column":10},"end":{"line":1,"column":28}},"1":{"start":{"line":2,"column":22},"end":{"line":2,"column":51}},"2":{"start":{"line":3,"column":13},"end":{"line":3,"column":36}},"3":{"start":{"line":4,"column":12},"end":{"line":4,"column":52}},"4":{"start":{"line":5,"column":0},"end":{"line":5,"column":30}},"5":{"start":{"line":6,"column":0},"end":{"line":6,"column":20}},"6":{"start":{"line":8,"column":13},"end":{"line":8,"column":25}},"7":{"start":{"line":12,"column":0},"end":{"line":14,"column":2}},"8":{"start":{"line":13,"column":2},"end":{"line":13,"column":22}},"9":{"start":{"line":16,"column":0},"end":{"line":43,"column":2}},"10":{"start":{"line":17,"column":12},"end":{"line":17,"column":24}},"11":{"start":{"line":18,"column":13},"end":{"line":18,"column":34}},"12":{"start":{"line":19,"column":18},"end":{"line":19,"column":32}},"13":{"start":{"line":20,"column":10},"end":{"line":20,"column":29}},"14":{"start":{"line":22,"column":2},"end":{"line":22,"column":21}},"15":{"start":{"line":24,"column":2},"end":{"line":29,"column":3}},"16":{"start":{"line":25,"column":19},"end":{"line":25,"column":54}},"17":{"start":{"line":27,"column":4},"end":{"line":27,"column":25}},"18":{"start":{"line":28,"column":4},"end":{"line":28,"column":67}},"19":{"start":{"line":31,"column":11},"end":{"line":31,"column":93}},"20":{"start":{"line":33,"column":3},"end":{"line":41,"column":4}},"21":{"start":{"line":34,"column":18},"end":{"line":34,"column":48}},"22":{"start":{"line":35,"column":5},"end":{"line":35,"column":29}},"23":{"start":{"line":36,"column":5},"end":{"line":36,"column":29}},"24":{"start":{"line":37,"column":5},"end":{"line":37,"column":14}},"25":{"start":{"line":39,"column":5},"end":{"line":39,"column":26}},"26":{"start":{"line":40,"column":5},"end":{"line":40,"column":60}},"27":{"start":{"line":44,"column":0},"end":{"line":64,"column":2}},"28":{"start":{"line":45,"column":12},"end":{"line":45,"column":24}},"29":{"start":{"line":46,"column":20},"end":{"line":46,"column":41}},"30":{"start":{"line":47,"column":2},"end":{"line":52,"column":3}},"31":{"start":{"line":48,"column":19},"end":{"line":48,"column":54}},"32":{"start":{"line":50,"column":4},"end":{"line":50,"column":25}},"33":{"start":{"line":51,"column":4},"end":{"line":51,"column":67}},"34":{"start":{"line":55,"column":2},"end":{"line":63,"column":3}},"35":{"start":{"line":56,"column":4},"end":{"line":56,"column":54}},"36":{"start":{"line":57,"column":16},"end":{"line":57,"column":78}},"37":{"start":{"line":57,"column":56},"end":{"line":57,"column":77}},"38":{"start":{"line":58,"column":4},"end":{"line":58,"column":102}},"39":{"start":{"line":59,"column":4},"end":{"line":59,"column":25}},"40":{"start":{"line":61,"column":4},"end":{"line":61,"column":25}},"41":{"start":{"line":62,"column":4},"end":{"line":62,"column":52}},"42":{"start":{"line":67,"column":0},"end":{"line":93,"column":2}},"43":{"start":{"line":68,"column":12},"end":{"line":68,"column":24}},"44":{"start":{"line":69,"column":2},"end":{"line":74,"column":3}},"45":{"start":{"line":70,"column":19},"end":{"line":70,"column":54}},"46":{"start":{"line":72,"column":4},"end":{"line":72,"column":25}},"47":{"start":{"line":73,"column":4},"end":{"line":73,"column":67}},"48":{"start":{"line":76,"column":18},"end":{"line":76,"column":20}},"49":{"start":{"line":77,"column":2},"end":{"line":92,"column":5}},"50":{"start":{"line":78,"column":4},"end":{"line":81,"column":7}},"51":{"start":{"line":78,"column":14},"end":{"line":78,"column":15}},"52":{"start":{"line":80,"column":8},"end":{"line":80,"column":95}},"53":{"start":{"line":82,"column":6},"end":{"line":82,"column":34}},"54":{"start":{"line":83,"column":6},"end":{"line":83,"column":24}},"55":{"start":{"line":86,"column":6},"end":{"line":86,"column":27}},"56":{"start":{"line":87,"column":6},"end":{"line":87,"column":62}},"57":{"start":{"line":91,"column":6},"end":{"line":91,"column":27}},"58":{"start":{"line":94,"column":0},"end":{"line":94,"column":23}}},"fnMap":{"0":{"name":"(anonymous_0)","decl":{"start":{"line":12,"column":29},"end":{"line":12,"column":30}},"loc":{"start":{"line":12,"column":46},"end":{"line":14,"column":1}},"line":12},"1":{"name":"(anonymous_1)","decl":{"start":{"line":16,"column":23},"end":{"line":16,"column":24}},"loc":{"start":{"line":16,"column":42},"end":{"line":43,"column":1}},"line":16},"2":{"name":"(anonymous_2)","decl":{"start":{"line":44,"column":33},"end":{"line":44,"column":34}},"loc":{"start":{"line":44,"column":51},"end":{"line":64,"column":1}},"line":44},"3":{"name":"(anonymous_3)","decl":{"start":{"line":57,"column":51},"end":{"line":57,"column":52}},"loc":{"start":{"line":57,"column":56},"end":{"line":57,"column":77}},"line":57},"4":{"name":"(anonymous_4)","decl":{"start":{"line":67,"column":32},"end":{"line":67,"column":33}},"loc":{"start":{"line":67,"column":50},"end":{"line":93,"column":1}},"line":67}},"branchMap":{"0":{"loc":{"start":{"line":20,"column":10},"end":{"line":20,"column":29}},"type":"binary-expr","locations":[{"start":{"line":20,"column":10},"end":{"line":20,"column":23}},{"start":{"line":20,"column":27},"end":{"line":20,"column":29}}],"line":20},"1":{"loc":{"start":{"line":22,"column":6},"end":{"line":22,"column":21}},"type":"cond-expr","locations":[{"start":{"line":22,"column":14},"end":{"line":22,"column":17}},{"start":{"line":22,"column":18},"end":{"line":22,"column":21}}],"line":22}},"s":{"0":2,"1":2,"2":2,"3":2,"4":2,"5":2,"6":2,"7":2,"8":0,"9":2,"10":0,"11":0,"12":0,"13":0,"14":0,"15":0,"16":0,"17":0,"18":0,"19":0,"20":0,"21":0,"22":0,"23":0,"24":0,"25":0,"26":0,"27":2,"28":0,"29":0,"30":0,"31":0,"32":0,"33":0,"34":0,"35":0,"36":0,"37":0,"38":0,"39":0,"40":0,"41":0,"42":2,"43":0,"44":0,"45":0,"46":0,"47":0,"48":0,"49":0,"50":0,"51":0,"52":0,"53":0,"54":0,"55":0,"56":0,"57":0,"58":2},"f":{"0":0,"1":0,"2":0,"3":0,"4":0},"b":{"0":[0,0],"1":[0,0]},"_coverageSchema":"1a1c01bbd47fc00a2c39e90264f33305004495a9","hash":"218329212b573601195858bf4bdca9e673af144d"}
,"C:\\project\\imanager\\src\\routers\\user.js": {"path":"C:\\project\\imanager\\src\\routers\\user.js","statementMap":{"0":{"start":{"line":2,"column":13},"end":{"line":2,"column":42}},"1":{"start":{"line":3,"column":15},"end":{"line":3,"column":32}},"2":{"start":{"line":4,"column":35},"end":{"line":4,"column":61}},"3":{"start":{"line":5,"column":18},"end":{"line":5,"column":44}},"4":{"start":{"line":6,"column":16},"end":{"line":6,"column":39}},"5":{"start":{"line":8,"column":12},"end":{"line":8,"column":30}},"6":{"start":{"line":9,"column":20},"end":{"line":9,"column":38}},"7":{"start":{"line":10,"column":13},"end":{"line":10,"column":25}},"8":{"start":{"line":12,"column":0},"end":{"line":22,"column":5}},"9":{"start":{"line":13,"column":2},"end":{"line":20,"column":3}},"10":{"start":{"line":14,"column":15},"end":{"line":14,"column":73}},"11":{"start":{"line":15,"column":4},"end":{"line":15,"column":64}},"12":{"start":{"line":16,"column":4},"end":{"line":16,"column":19}},"13":{"start":{"line":18,"column":4},"end":{"line":18,"column":25}},"14":{"start":{"line":19,"column":4},"end":{"line":19,"column":61}},"15":{"start":{"line":24,"column":2},"end":{"line":62,"column":5}},"16":{"start":{"line":26,"column":22},"end":{"line":26,"column":44}},"17":{"start":{"line":27,"column":4},"end":{"line":27,"column":69}},"18":{"start":{"line":27,"column":15},"end":{"line":27,"column":69}},"19":{"start":{"line":28,"column":4},"end":{"line":29,"column":53}},"20":{"start":{"line":29,"column":4},"end":{"line":29,"column":53}},"21":{"start":{"line":32,"column":15},"end":{"line":32,"column":65}},"22":{"start":{"line":33,"column":4},"end":{"line":33,"column":70}},"23":{"start":{"line":33,"column":14},"end":{"line":33,"column":70}},"24":{"start":{"line":35,"column":4},"end":{"line":40,"column":7}},"25":{"start":{"line":41,"column":4},"end":{"line":41,"column":57}},"26":{"start":{"line":43,"column":15},"end":{"line":43,"column":17}},"27":{"start":{"line":44,"column":4},"end":{"line":50,"column":5}},"28":{"start":{"line":45,"column":6},"end":{"line":45,"column":53}},"29":{"start":{"line":46,"column":6},"end":{"line":46,"column":46}},"30":{"start":{"line":46,"column":15},"end":{"line":46,"column":46}},"31":{"start":{"line":48,"column":6},"end":{"line":48,"column":64}},"32":{"start":{"line":49,"column":6},"end":{"line":49,"column":56}},"33":{"start":{"line":51,"column":4},"end":{"line":58,"column":5}},"34":{"start":{"line":52,"column":6},"end":{"line":52,"column":24}},"35":{"start":{"line":53,"column":6},"end":{"line":53,"column":34}},"36":{"start":{"line":54,"column":6},"end":{"line":54,"column":24}},"37":{"start":{"line":56,"column":6},"end":{"line":56,"column":28}},"38":{"start":{"line":57,"column":6},"end":{"line":57,"column":93}},"39":{"start":{"line":61,"column":4},"end":{"line":61,"column":37}},"40":{"start":{"line":64,"column":2},"end":{"line":84,"column":4}},"41":{"start":{"line":66,"column":16},"end":{"line":66,"column":30}},"42":{"start":{"line":67,"column":19},"end":{"line":67,"column":36}},"43":{"start":{"line":68,"column":4},"end":{"line":68,"column":71}},"44":{"start":{"line":68,"column":28},"end":{"line":68,"column":71}},"45":{"start":{"line":69,"column":15},"end":{"line":69,"column":65}},"46":{"start":{"line":70,"column":4},"end":{"line":70,"column":65}},"47":{"start":{"line":70,"column":15},"end":{"line":70,"column":65}},"48":{"start":{"line":71,"column":4},"end":{"line":81,"column":44}},"49":{"start":{"line":73,"column":20},"end":{"line":73,"column":44}},"50":{"start":{"line":74,"column":22},"end":{"line":77,"column":7}},"51":{"start":{"line":78,"column":6},"end":{"line":78,"column":106}},"52":{"start":{"line":81,"column":5},"end":{"line":81,"column":44}},"53":{"start":{"line":87,"column":2},"end":{"line":87,"column":26}}},"fnMap":{"0":{"name":"(anonymous_0)","decl":{"start":{"line":12,"column":29},"end":{"line":12,"column":30}},"loc":{"start":{"line":12,"column":49},"end":{"line":22,"column":3}},"line":12},"1":{"name":"(anonymous_1)","decl":{"start":{"line":24,"column":19},"end":{"line":24,"column":20}},"loc":{"start":{"line":24,"column":39},"end":{"line":62,"column":3}},"line":24},"2":{"name":"(anonymous_2)","decl":{"start":{"line":64,"column":23},"end":{"line":64,"column":24}},"loc":{"start":{"line":64,"column":42},"end":{"line":84,"column":3}},"line":64}},"branchMap":{"0":{"loc":{"start":{"line":27,"column":4},"end":{"line":27,"column":69}},"type":"if","locations":[{"start":{"line":27,"column":4},"end":{"line":27,"column":69}},{"start":{"line":27,"column":4},"end":{"line":27,"column":69}}],"line":27},"1":{"loc":{"start":{"line":28,"column":4},"end":{"line":29,"column":53}},"type":"if","locations":[{"start":{"line":28,"column":4},"end":{"line":29,"column":53}},{"start":{"line":28,"column":4},"end":{"line":29,"column":53}}],"line":28},"2":{"loc":{"start":{"line":33,"column":4},"end":{"line":33,"column":70}},"type":"if","locations":[{"start":{"line":33,"column":4},"end":{"line":33,"column":70}},{"start":{"line":33,"column":4},"end":{"line":33,"column":70}}],"line":33},"3":{"loc":{"start":{"line":46,"column":6},"end":{"line":46,"column":46}},"type":"if","locations":[{"start":{"line":46,"column":6},"end":{"line":46,"column":46}},{"start":{"line":46,"column":6},"end":{"line":46,"column":46}}],"line":46},"4":{"loc":{"start":{"line":68,"column":4},"end":{"line":68,"column":71}},"type":"if","locations":[{"start":{"line":68,"column":4},"end":{"line":68,"column":71}},{"start":{"line":68,"column":4},"end":{"line":68,"column":71}}],"line":68},"5":{"loc":{"start":{"line":68,"column":7},"end":{"line":68,"column":26}},"type":"binary-expr","locations":[{"start":{"line":68,"column":7},"end":{"line":68,"column":13}},{"start":{"line":68,"column":17},"end":{"line":68,"column":26}}],"line":68},"6":{"loc":{"start":{"line":70,"column":4},"end":{"line":70,"column":65}},"type":"if","locations":[{"start":{"line":70,"column":4},"end":{"line":70,"column":65}},{"start":{"line":70,"column":4},"end":{"line":70,"column":65}}],"line":70},"7":{"loc":{"start":{"line":71,"column":4},"end":{"line":81,"column":44}},"type":"if","locations":[{"start":{"line":71,"column":4},"end":{"line":81,"column":44}},{"start":{"line":71,"column":4},"end":{"line":81,"column":44}}],"line":71}},"s":{"0":2,"1":2,"2":2,"3":2,"4":2,"5":2,"6":2,"7":2,"8":2,"9":0,"10":0,"11":0,"12":0,"13":0,"14":0,"15":2,"16":0,"17":0,"18":0,"19":0,"20":0,"21":0,"22":0,"23":0,"24":0,"25":0,"26":0,"27":0,"28":0,"29":0,"30":0,"31":0,"32":0,"33":0,"34":0,"35":0,"36":0,"37":0,"38":0,"39":0,"40":2,"41":0,"42":0,"43":0,"44":0,"45":0,"46":0,"47":0,"48":0,"49":0,"50":0,"51":0,"52":0,"53":2},"f":{"0":0,"1":0,"2":0},"b":{"0":[0,0],"1":[0,0],"2":[0,0],"3":[0,0],"4":[0,0],"5":[0,0],"6":[0,0],"7":[0,0]},"_coverageSchema":"1a1c01bbd47fc00a2c39e90264f33305004495a9","hash":"57ced150c172af4a70cb66e02282b8f07c20943d"}
}
